<?xml version="1.0" encoding="UTF-8"?>
<!-- Generated by org.testng.reporters.JUnitXMLReporter -->
<testsuite ignored="0" hostname="DESKTOP-IP21V1F" failures="0" tests="12" name="ChromeTest" time="0.119" errors="0" timestamp="2024-11-05T16:46:13 IST">
  <testcase classname="com.Epsondoms.ProductTest.MensProductTest" name="addProduct" time="0.012"/>
  <testcase classname="com.Epsondoms.ProductTest.MensProductTest" name="removeProduct" time="0.002"/>
  <testcase classname="com.Epsondoms.ProductTest.MensProductTest" name="updateProduct" time="0.002"/>
  <testcase classname="com.Epsondoms.ProductTest.WomensProductTest" name="addProduct" time="0.002"/>
  <testcase classname="com.Epsondoms.ProductTest.WomensProductTest" name="removeProduct" time="0.002"/>
  <testcase classname="com.Epsondoms.ProductTest.WomensProductTest" name="updateProduct" time="0.002"/>
  <testcase classname="com.Epsondoms.ProductTest.ElectronicProductTest" name="addProduct" time="0.002"/>
  <testcase classname="com.Epsondoms.ProductTest.ElectronicProductTest" name="removeProduct" time="0.002"/>
  <testcase classname="com.Epsondoms.ProductTest.ElectronicProductTest" name="updateProduct" time="0.002"/>
  <testcase classname="com.Epsondoms.ProductTest.KidsProductTest" name="addProduct" time="0.002"/>
  <testcase classname="com.Epsondoms.ProductTest.KidsProductTest" name="removeProduct" time="0.001"/>
  <testcase classname="com.Epsondoms.ProductTest.KidsProductTest" name="updateProduct" time="0.002"/>
</testsuite> <!-- ChromeTest -->
